<?xml version="1.0" encoding="UTF-8"?>
<testsuite xmlns:xsi="http://www.w3.org/2001/XMLSchema-instance" xsi:noNamespaceSchemaLocation="https://maven.apache.org/surefire/maven-surefire-plugin/xsd/surefire-test-report-3.0.xsd" version="3.0" name="org.apache.commons.csv.issues.JiraCsv149Test" time="0.001" tests="2" errors="0" skipped="0" failures="0">
  <properties>
    <property name="gopherProxySet" value="false"/>
    <property name="socksProxyHost" value="127.0.0.1"/>
    <property name="awt.toolkit" value="sun.lwawt.macosx.LWCToolkit"/>
    <property name="http.proxyHost" value="127.0.0.1"/>
    <property name="java.specification.version" value="11"/>
    <property name="sun.cpu.isalist" value=""/>
    <property name="sun.jnu.encoding" value="UTF-8"/>
    <property name="java.class.path" value="/Users/kekaiyao/Desktop/PRs/123/commons-csv/target/test-classes:/Users/kekaiyao/Desktop/PRs/123/commons-csv/target/classes:/Users/kekaiyao/.m2/repository/org/junit/jupiter/junit-jupiter/5.11.0-M2/junit-jupiter-5.11.0-M2.jar:/Users/kekaiyao/.m2/repository/org/junit/jupiter/junit-jupiter-api/5.11.0-M2/junit-jupiter-api-5.11.0-M2.jar:/Users/kekaiyao/.m2/repository/org/opentest4j/opentest4j/1.3.0/opentest4j-1.3.0.jar:/Users/kekaiyao/.m2/repository/org/junit/platform/junit-platform-commons/1.11.0-M2/junit-platform-commons-1.11.0-M2.jar:/Users/kekaiyao/.m2/repository/org/apiguardian/apiguardian-api/1.1.2/apiguardian-api-1.1.2.jar:/Users/kekaiyao/.m2/repository/org/junit/jupiter/junit-jupiter-params/5.11.0-M2/junit-jupiter-params-5.11.0-M2.jar:/Users/kekaiyao/.m2/repository/org/junit/jupiter/junit-jupiter-engine/5.11.0-M2/junit-jupiter-engine-5.11.0-M2.jar:/Users/kekaiyao/.m2/repository/org/junit/platform/junit-platform-engine/1.11.0-M2/junit-platform-engine-1.11.0-M2.jar:/Users/kekaiyao/.m2/repository/org/hamcrest/hamcrest/2.2/hamcrest-2.2.jar:/Users/kekaiyao/.m2/repository/org/mockito/mockito-core/4.11.0/mockito-core-4.11.0.jar:/Users/kekaiyao/.m2/repository/net/bytebuddy/byte-buddy/1.12.19/byte-buddy-1.12.19.jar:/Users/kekaiyao/.m2/repository/net/bytebuddy/byte-buddy-agent/1.12.19/byte-buddy-agent-1.12.19.jar:/Users/kekaiyao/.m2/repository/org/objenesis/objenesis/3.3/objenesis-3.3.jar:/Users/kekaiyao/.m2/repository/commons-io/commons-io/2.16.1/commons-io-2.16.1.jar:/Users/kekaiyao/.m2/repository/commons-codec/commons-codec/1.17.0/commons-codec-1.17.0.jar:/Users/kekaiyao/.m2/repository/org/apache/commons/commons-lang3/3.14.0/commons-lang3-3.14.0.jar:/Users/kekaiyao/.m2/repository/com/h2database/h2/2.2.224/h2-2.2.224.jar:/Users/kekaiyao/.m2/repository/org/openjdk/jmh/jmh-core/1.37/jmh-core-1.37.jar:/Users/kekaiyao/.m2/repository/net/sf/jopt-simple/jopt-simple/5.0.4/jopt-simple-5.0.4.jar:/Users/kekaiyao/.m2/repository/org/apache/commons/commons-math3/3.6.1/commons-math3-3.6.1.jar:"/>
    <property name="https.proxyPort" value="10900"/>
    <property name="java.vm.vendor" value="Homebrew"/>
    <property name="sun.arch.data.model" value="64"/>
    <property name="java.vendor.url" value="https://github.com/Homebrew/homebrew-core/issues"/>
    <property name="user.timezone" value=""/>
    <property name="java.vm.specification.version" value="11"/>
    <property name="os.name" value="Mac OS X"/>
    <property name="rat.skip" value="true"/>
    <property name="sun.java.launcher" value="SUN_STANDARD"/>
    <property name="user.country" value="CN"/>
    <property name="sun.boot.library.path" value="/opt/homebrew/Cellar/openjdk@11/11.0.16.1_1/libexec/openjdk.jdk/Contents/Home/lib"/>
    <property name="sun.java.command" value="/Users/kekaiyao/Desktop/PRs/123/commons-csv/target/surefire/surefirebooter-20240624220912026_3.jar /Users/kekaiyao/Desktop/PRs/123/commons-csv/target/surefire 2024-06-24T22-09-11_977-jvmRun1 surefire-20240624220912026_1tmp surefire_0-20240624220912026_2tmp"/>
    <property name="http.nonProxyHosts" value="on|*.on|local|*.local|169.254/16|*.169.254/16|10.0/8|*.10.0/8|172.16/12|*.172.16/12|192.168/16|*.192.168/16"/>
    <property name="jdk.debug" value="release"/>
    <property name="surefire.test.class.path" value="/Users/kekaiyao/Desktop/PRs/123/commons-csv/target/test-classes:/Users/kekaiyao/Desktop/PRs/123/commons-csv/target/classes:/Users/kekaiyao/.m2/repository/org/junit/jupiter/junit-jupiter/5.11.0-M2/junit-jupiter-5.11.0-M2.jar:/Users/kekaiyao/.m2/repository/org/junit/jupiter/junit-jupiter-api/5.11.0-M2/junit-jupiter-api-5.11.0-M2.jar:/Users/kekaiyao/.m2/repository/org/opentest4j/opentest4j/1.3.0/opentest4j-1.3.0.jar:/Users/kekaiyao/.m2/repository/org/junit/platform/junit-platform-commons/1.11.0-M2/junit-platform-commons-1.11.0-M2.jar:/Users/kekaiyao/.m2/repository/org/apiguardian/apiguardian-api/1.1.2/apiguardian-api-1.1.2.jar:/Users/kekaiyao/.m2/repository/org/junit/jupiter/junit-jupiter-params/5.11.0-M2/junit-jupiter-params-5.11.0-M2.jar:/Users/kekaiyao/.m2/repository/org/junit/jupiter/junit-jupiter-engine/5.11.0-M2/junit-jupiter-engine-5.11.0-M2.jar:/Users/kekaiyao/.m2/repository/org/junit/platform/junit-platform-engine/1.11.0-M2/junit-platform-engine-1.11.0-M2.jar:/Users/kekaiyao/.m2/repository/org/hamcrest/hamcrest/2.2/hamcrest-2.2.jar:/Users/kekaiyao/.m2/repository/org/mockito/mockito-core/4.11.0/mockito-core-4.11.0.jar:/Users/kekaiyao/.m2/repository/net/bytebuddy/byte-buddy/1.12.19/byte-buddy-1.12.19.jar:/Users/kekaiyao/.m2/repository/net/bytebuddy/byte-buddy-agent/1.12.19/byte-buddy-agent-1.12.19.jar:/Users/kekaiyao/.m2/repository/org/objenesis/objenesis/3.3/objenesis-3.3.jar:/Users/kekaiyao/.m2/repository/commons-io/commons-io/2.16.1/commons-io-2.16.1.jar:/Users/kekaiyao/.m2/repository/commons-codec/commons-codec/1.17.0/commons-codec-1.17.0.jar:/Users/kekaiyao/.m2/repository/org/apache/commons/commons-lang3/3.14.0/commons-lang3-3.14.0.jar:/Users/kekaiyao/.m2/repository/com/h2database/h2/2.2.224/h2-2.2.224.jar:/Users/kekaiyao/.m2/repository/org/openjdk/jmh/jmh-core/1.37/jmh-core-1.37.jar:/Users/kekaiyao/.m2/repository/net/sf/jopt-simple/jopt-simple/5.0.4/jopt-simple-5.0.4.jar:/Users/kekaiyao/.m2/repository/org/apache/commons/commons-math3/3.6.1/commons-math3-3.6.1.jar:"/>
    <property name="sun.cpu.endian" value="little"/>
    <property name="user.home" value="/Users/kekaiyao"/>
    <property name="user.language" value="zh"/>
    <property name="java.specification.vendor" value="Oracle Corporation"/>
    <property name="java.version.date" value="2022-08-12"/>
    <property name="java.home" value="/opt/homebrew/Cellar/openjdk@11/11.0.16.1_1/libexec/openjdk.jdk/Contents/Home"/>
    <property name="file.separator" value="/"/>
    <property name="https.proxyHost" value="127.0.0.1"/>
    <property name="basedir" value="/Users/kekaiyao/Desktop/PRs/123/commons-csv"/>
    <property name="java.vm.compressedOopsMode" value="Zero based"/>
    <property name="line.separator" value="&#10;"/>
    <property name="java.specification.name" value="Java Platform API Specification"/>
    <property name="java.vm.specification.vendor" value="Oracle Corporation"/>
    <property name="java.awt.graphicsenv" value="sun.awt.CGraphicsEnvironment"/>
    <property name="surefire.real.class.path" value="/Users/kekaiyao/Desktop/PRs/123/commons-csv/target/surefire/surefirebooter-20240624220912026_3.jar"/>
    <property name="user.script" value="Hans"/>
    <property name="sun.management.compiler" value="HotSpot 64-Bit Tiered Compilers"/>
    <property name="ftp.nonProxyHosts" value="on|*.on|local|*.local|169.254/16|*.169.254/16|10.0/8|*.10.0/8|172.16/12|*.172.16/12|192.168/16|*.192.168/16"/>
    <property name="java.runtime.version" value="11.0.16.1+0"/>
    <property name="user.name" value="kekaiyao"/>
    <property name="path.separator" value=":"/>
    <property name="os.version" value="12.3"/>
    <property name="java.runtime.name" value="OpenJDK Runtime Environment"/>
    <property name="file.encoding" value="UTF-8"/>
    <property name="java.vm.name" value="OpenJDK 64-Bit Server VM"/>
    <property name="java.vendor.version" value="Homebrew"/>
    <property name="localRepository" value="/Users/kekaiyao/.m2/repository"/>
    <property name="java.vendor.url.bug" value="https://github.com/Homebrew/homebrew-core/issues"/>
    <property name="java.io.tmpdir" value="/var/folders/0d/4zk071hd1xx8wrj3n0f4lngh0000gn/T/"/>
    <property name="java.version" value="11.0.16.1"/>
    <property name="user.dir" value="/Users/kekaiyao/Desktop/PRs/123/commons-csv"/>
    <property name="os.arch" value="aarch64"/>
    <property name="socksProxyPort" value="10010"/>
    <property name="java.vm.specification.name" value="Java Virtual Machine Specification"/>
    <property name="java.awt.printerjob" value="sun.lwawt.macosx.CPrinterJob"/>
    <property name="sun.os.patch.level" value="unknown"/>
    <property name="java.library.path" value="/Users/kekaiyao/Library/Java/Extensions:/Library/Java/Extensions:/Network/Library/Java/Extensions:/System/Library/Java/Extensions:/usr/lib/java:."/>
    <property name="java.vm.info" value="mixed mode"/>
    <property name="java.vendor" value="Homebrew"/>
    <property name="java.vm.version" value="11.0.16.1+0"/>
    <property name="sun.io.unicode.encoding" value="UnicodeBig"/>
    <property name="java.class.version" value="55.0"/>
    <property name="socksNonProxyHosts" value="on|*.on|local|*.local|169.254/16|*.169.254/16|10.0/8|*.10.0/8|172.16/12|*.172.16/12|192.168/16|*.192.168/16"/>
    <property name="http.proxyPort" value="10900"/>
  </properties>
  <testcase name="testJiraCsv149EndWithEOL" classname="org.apache.commons.csv.issues.JiraCsv149Test" time="0.001"/>
  <testcase name="testJiraCsv149EndWithoutEOL" classname="org.apache.commons.csv.issues.JiraCsv149Test" time="0.0"/>
</testsuite>